<?xml version="1.0" encoding="UTF-8"?>
<!-- Generated by org.testng.reporters.JUnitReportReporter -->
<testsuite hostname="LAPTOP-J99CU6B4" failures="0" tests="4" name="sevenrmartSupermarket.Testscripts.ManagePagesTest" time="63.404" errors="0" timestamp="2023-04-28T16:11:50 GST" skipped="0">
  <testcase classname="sevenrmartSupermarket.Testscripts.ManagePagesTest" name="searchPageUsingTitleFromListPageTable" time="15.317"/>
  <system-out/>
  <testcase classname="sevenrmartSupermarket.Testscripts.ManagePagesTest" name="updateListPageAfterSearchingFromListPageTable" time="15.915"/>
  <system-out/>
  <testcase classname="sevenrmartSupermarket.Testscripts.ManagePagesTest" name="clickResetButtonToGetListPagesTablePage" time="15.796"/>
  <system-out/>
  <testcase classname="sevenrmartSupermarket.Testscripts.ManagePagesTest" name="verifyDuplicatePageCreation" time="16.376"/>
  <system-out/>
</testsuite> <!-- sevenrmartSupermarket.Testscripts.ManagePagesTest -->
