<?xml version="1.0" encoding="UTF-8"?>
<!-- Generated by org.testng.reporters.JUnitReportReporter -->
<testsuite hostname="LAPTOP-J99CU6B4" failures="0" tests="3" name="sevenrmartSupermarket.Testscripts.ManageOfferCodeTest" time="40.380" errors="0" timestamp="2023-04-28T18:15:11 GST" skipped="0">
  <testcase classname="sevenrmartSupermarket.Testscripts.ManageOfferCodeTest" name="addNewOfferCode" time="16.381"/>
  <system-out/>
  <testcase classname="sevenrmartSupermarket.Testscripts.ManageOfferCodeTest" name="verify_seraching_With_Offercode_Shows_Corressponding_Details" time="10.888"/>
  <system-out/>
  <testcase classname="sevenrmartSupermarket.Testscripts.ManageOfferCodeTest" name="verifyResetButtonToStartNewSearch" time="13.111"/>
  <system-out/>
</testsuite> <!-- sevenrmartSupermarket.Testscripts.ManageOfferCodeTest -->
