<?xml version="1.0" encoding="UTF-8"?>
<!-- Generated by org.testng.reporters.JUnitReportReporter -->
<testsuite hostname="LAPTOP-J99CU6B4" failures="0" tests="2" name="sevenrmartSupermarket.Testscripts.LoginTest" time="23.553" errors="0" timestamp="2023-04-28T16:11:50 GST" skipped="0">
  <testcase classname="sevenrmartSupermarket.Testscripts.LoginTest" name="verifyLogout_whenLogOutButtonIsClickedFromHomePage" time="13.338"/>
  <system-out/>
  <testcase classname="sevenrmartSupermarket.Testscripts.LoginTest" name="verify_login_with_Credentials" time="10.215"/>
  <system-out/>
</testsuite> <!-- sevenrmartSupermarket.Testscripts.LoginTest -->
