<?xml version="1.0" encoding="UTF-8"?>
<!-- Generated by org.testng.reporters.JUnitReportReporter -->
<testsuite skipped="0" hostname="LAPTOP-J99CU6B4" name="sevenrmartSupermarket.Testscripts.ManageOfferCodeTest" tests="4" failures="0" timestamp="2023-05-05T18:08:03 GST" time="60.323" errors="0">
  <testcase name="verifyAlertIsDisplayedUponAddingNewOfferCodeWithRequiredDetails" time="16.496" classname="sevenrmartSupermarket.Testscripts.ManageOfferCodeTest"/>
  <system-out/>
  <testcase name="verifyAlertIsDispalyedWhenResetButtonIsClickedAfterEnteringOffercodeInSearchBox" time="15.618" classname="sevenrmartSupermarket.Testscripts.ManageOfferCodeTest"/>
  <system-out/>
  <testcase name="verifyAlertIsDisplayedOnEnteringOffercodeAndUpdatingOffercodeImage" time="14.386" classname="sevenrmartSupermarket.Testscripts.ManageOfferCodeTest"/>
  <system-out/>
  <testcase name="verifySearchedOfferCodeIsFoundInListOffercodeTableByEnteringtheOffercodeInSearchBox" time="13.823" classname="sevenrmartSupermarket.Testscripts.ManageOfferCodeTest"/>
  <system-out/>
</testsuite> <!-- sevenrmartSupermarket.Testscripts.ManageOfferCodeTest -->
