<?xml version="1.0" encoding="UTF-8"?>
<!-- Generated by org.testng.reporters.JUnitReportReporter -->
<testsuite hostname="LAPTOP-J99CU6B4" failures="0" tests="4" name="sevenrmartSupermarket.Testscripts.ManagePagesTest" time="70.160" errors="0" timestamp="2023-04-28T18:15:11 GST" skipped="0">
  <testcase classname="sevenrmartSupermarket.Testscripts.ManagePagesTest" name="verifyDuplicatePageCreation" time="12.431"/>
  <system-out/>
  <testcase classname="sevenrmartSupermarket.Testscripts.ManagePagesTest" name="searchPageUsingTitleFromListPageTable" time="28.358"/>
  <system-out/>
  <testcase classname="sevenrmartSupermarket.Testscripts.ManagePagesTest" name="updateListPageAfterSearchingFromListPageTable" time="13.626"/>
  <system-out/>
  <testcase classname="sevenrmartSupermarket.Testscripts.ManagePagesTest" name="clickResetButtonToGetListPagesTablePage" time="15.745"/>
  <system-out/>
</testsuite> <!-- sevenrmartSupermarket.Testscripts.ManagePagesTest -->
