<?xml version="1.0" encoding="UTF-8"?>
<!-- Generated by org.testng.reporters.JUnitReportReporter -->
<testsuite hostname="LAPTOP-J99CU6B4" failures="0" tests="1" name="sevenrmartSupermarket.Testscripts.ManageSliderTest" time="9.527" errors="0" timestamp="2023-04-17T11:50:32 GST" skipped="0">
  <testcase classname="sevenrmartSupermarket.Testscripts.ManageSliderTest" name="addLinkToManageSlider" time="9.527"/>
  <system-out/>
</testsuite> <!-- sevenrmartSupermarket.Testscripts.ManageSliderTest -->
