<?xml version="1.0" encoding="UTF-8"?>
<!-- Generated by org.testng.reporters.JUnitReportReporter -->
<testsuite skipped="0" hostname="LAPTOP-J99CU6B4" name="sevenrmartSupermarket.Testscripts.ManageDeliveryBoyTest" tests="2" failures="0" timestamp="2023-05-05T18:08:03 GST" time="27.988" errors="0">
  <testcase name="verifyNewDeliveryBoyDetailsAreFoundInListDeliveryBoyTable_AfterAddingNewDeliveryBoyWithRequiredDetails" time="14.686" classname="sevenrmartSupermarket.Testscripts.ManageDeliveryBoyTest"/>
  <system-out/>
  <testcase name="verifyListDeliveryBoyPageIsDisplayedWhenCancelButtonIsClickedAfterEnteringNewDeliveryBoyName" time="13.302" classname="sevenrmartSupermarket.Testscripts.ManageDeliveryBoyTest"/>
  <system-out/>
</testsuite> <!-- sevenrmartSupermarket.Testscripts.ManageDeliveryBoyTest -->
