<?xml version="1.0" encoding="UTF-8"?>
<!-- Generated by org.testng.reporters.JUnitReportReporter -->
<testsuite hostname="LAPTOP-J99CU6B4" failures="0" tests="2" name="sevenrmartSupermarket.Testscripts.ManageDeliveryBoyTest" time="11.789" errors="0" timestamp="2023-04-27T09:55:40 GST" skipped="0">
  <testcase classname="sevenrmartSupermarket.Testscripts.ManageDeliveryBoyTest" name="verifyCancelButtonWorking" time="5.046"/>
  <system-out/>
  <testcase classname="sevenrmartSupermarket.Testscripts.ManageDeliveryBoyTest" name="searchWithPhoneNumber" time="6.743"/>
  <system-out/>
</testsuite> <!-- sevenrmartSupermarket.Testscripts.ManageDeliveryBoyTest -->
