<?xml version="1.0" encoding="UTF-8"?>
<!-- Generated by org.testng.reporters.JUnitReportReporter -->
<testsuite skipped="1" hostname="LAPTOP-J99CU6B4" name="sevenrmartSupermarket.Testscripts.ManageCategoryTest" tests="3" failures="0" timestamp="2023-05-05T18:08:03 GST" time="94.324" errors="0">
  <testcase name="verifyUserIsAbleToFindSearchedCategoryItemInListCategoryTableAfterSearching_aCategoryInSearchBox" time="19.781" classname="sevenrmartSupermarket.Testscripts.ManageCategoryTest"/>
  <system-out/>
  <testcase name="verifyListCategoryPageIsDisplayedWhenResetButtonIsClickedAfterEntering_aCategoryInSearchBox" time="13.336" classname="sevenrmartSupermarket.Testscripts.ManageCategoryTest"/>
  <system-out/>
  <testcase name="verifyUserIsAbleToFindSearchedCategoryItemInListCategoryTableAfterSearching_aCategoryInSearchBox" time="61.207" classname="sevenrmartSupermarket.Testscripts.ManageCategoryTest">
    <skipped/>
  </testcase> <!-- verifyUserIsAbleToFindSearchedCategoryItemInListCategoryTableAfterSearching_aCategoryInSearchBox -->
  <system-out/>
</testsuite> <!-- sevenrmartSupermarket.Testscripts.ManageCategoryTest -->
