<?xml version="1.0" encoding="UTF-8"?>
<!-- Generated by org.testng.reporters.JUnitReportReporter -->
<testsuite hostname="LAPTOP-J99CU6B4" failures="0" tests="2" name="sevenrmartSupermarket.Testscripts.ManagePaymentTest" time="25.312" errors="0" timestamp="2023-04-28T18:15:11 GST" skipped="0">
  <testcase classname="sevenrmartSupermarket.Testscripts.ManagePaymentTest" name="verifyWorkingOfResetButton_clickReset_RedirectToBackPage" time="13.291"/>
  <system-out/>
  <testcase classname="sevenrmartSupermarket.Testscripts.ManagePaymentTest" name="checkUpdationInManagePaymentMethod" time="12.021"/>
  <system-out/>
</testsuite> <!-- sevenrmartSupermarket.Testscripts.ManagePaymentTest -->
