<?xml version="1.0" encoding="UTF-8"?>
<!-- Generated by org.testng.reporters.JUnitReportReporter -->
<testsuite hostname="LAPTOP-J99CU6B4" failures="0" tests="2" name="sevenrmartSupermarket.Testscripts.PushNotificationTest" time="11.885" errors="0" timestamp="2023-04-27T09:41:04 GST" skipped="0">
  <testcase classname="sevenrmartSupermarket.Testscripts.PushNotificationTest" name="verifyClickingResetButtonToGetTitleBoxCleared" time="4.885"/>
  <system-out/>
  <testcase classname="sevenrmartSupermarket.Testscripts.PushNotificationTest" name="sentPushNotification" time="7.000"/>
  <system-out/>
</testsuite> <!-- sevenrmartSupermarket.Testscripts.PushNotificationTest -->
