<?xml version="1.0" encoding="UTF-8"?>
<!-- Generated by org.testng.reporters.JUnitReportReporter -->
<testsuite hostname="LAPTOP-J99CU6B4" failures="0" tests="3" name="sevenrmartSupermarket.Testscripts.ManagePaymentTest" time="20.605" errors="0" timestamp="2023-04-27T09:59:57 GST" skipped="0">
  <testcase classname="sevenrmartSupermarket.Testscripts.ManagePaymentTest" name="verifyStatusChangeWhenStatusButtonIsClicked" time="5.240"/>
  <system-out/>
  <testcase classname="sevenrmartSupermarket.Testscripts.ManagePaymentTest" name="checkUpdationInManagePaymentMethod" time="6.125"/>
  <system-out/>
  <testcase classname="sevenrmartSupermarket.Testscripts.ManagePaymentTest" name="verifyWorkingOfResetButton_clickReset_RedirectToBackPage" time="9.240"/>
  <system-out/>
</testsuite> <!-- sevenrmartSupermarket.Testscripts.ManagePaymentTest -->
