<?xml version="1.0" encoding="UTF-8"?>
<!-- Generated by org.testng.reporters.JUnitReportReporter -->
<testsuite skipped="0" hostname="LAPTOP-J99CU6B4" name="sevenrmartSupermarket.Testscripts.ManagePaymentTest" tests="3" failures="0" timestamp="2023-05-05T18:08:03 GST" time="39.391" errors="0">
  <testcase name="verifyUserIsRedirectToManagePaymentMethodsPage_ByClickingDebitUpdateButtonChangingValueAndclickingReset" time="13.203" classname="sevenrmartSupermarket.Testscripts.ManagePaymentTest"/>
  <system-out/>
  <testcase name="verifyAlertIsDisplayedWhenDebitAmountIsUpdated_ByClickingDebitUpdateButtonChangingValueAndClickUpdateButton" time="13.750" classname="sevenrmartSupermarket.Testscripts.ManagePaymentTest"/>
  <system-out/>
  <testcase name="verifyAlertIsDisplayedWhenStatusIsChanged_ByClickingStatusButtonOfDebitInTable" time="12.438" classname="sevenrmartSupermarket.Testscripts.ManagePaymentTest"/>
  <system-out/>
</testsuite> <!-- sevenrmartSupermarket.Testscripts.ManagePaymentTest -->
