<?xml version="1.0" encoding="UTF-8"?>
<!-- Generated by org.testng.reporters.JUnitReportReporter -->
<testsuite hostname="LAPTOP-J99CU6B4" failures="0" tests="1" name="sevenrmartSupermarket.Testscripts.PushNotificationTest" time="11.809" errors="0" timestamp="2023-04-22T15:24:15 GST" skipped="0">
  <testcase classname="sevenrmartSupermarket.Testscripts.PushNotificationTest" name="sentPushNotification" time="11.809"/>
  <system-out/>
</testsuite> <!-- sevenrmartSupermarket.Testscripts.PushNotificationTest -->
