<?xml version="1.0" encoding="UTF-8"?>
<!-- Generated by org.testng.reporters.JUnitReportReporter -->
<testsuite skipped="0" hostname="LAPTOP-J99CU6B4" name="sevenrmartSupermarket.Testscripts.PushNotificationTest" tests="2" failures="0" timestamp="2023-05-05T18:08:03 GST" time="22.977" errors="0">
  <testcase name="verifyTitleBoxGetsClearedByClickingResetButtonAfterEnteringTheTitle" time="10.597" classname="sevenrmartSupermarket.Testscripts.PushNotificationTest"/>
  <system-out/>
  <testcase name="verifyAlertMessageIsDisplayedWhenPushNotificationIsSend_ByEnteringTitleAndDescriptionAndClickingSendButton" time="12.380" classname="sevenrmartSupermarket.Testscripts.PushNotificationTest"/>
  <system-out/>
</testsuite> <!-- sevenrmartSupermarket.Testscripts.PushNotificationTest -->
