<?xml version="1.0" encoding="UTF-8"?>
<!-- Generated by org.testng.reporters.JUnitReportReporter -->
<testsuite skipped="0" hostname="LAPTOP-J99CU6B4" name="sevenrmartSupermarket.Testscripts.LoginTest" tests="2" failures="0" timestamp="2023-05-05T18:08:03 GST" time="25.353" errors="0">
  <testcase name="verifyHomepageIsDisplayedAfterClickingSiginButtonWithValidUsernameAndValidPassword" time="12.419" classname="sevenrmartSupermarket.Testscripts.LoginTest"/>
  <system-out/>
  <testcase name="verifyLogInPageIsDisplayedAfterClickingLogoutButtonFromHomePage" time="12.934" classname="sevenrmartSupermarket.Testscripts.LoginTest"/>
  <system-out/>
</testsuite> <!-- sevenrmartSupermarket.Testscripts.LoginTest -->
