<?xml version="1.0" encoding="UTF-8"?>
<!-- Generated by org.testng.reporters.JUnitReportReporter -->
<testsuite hostname="LAPTOP-J99CU6B4" failures="0" tests="2" name="sevenrmartSupermarket.Testscripts.LoginTest" time="45.812" errors="0" timestamp="2023-04-28T18:15:11 GST" skipped="0">
  <testcase classname="sevenrmartSupermarket.Testscripts.LoginTest" name="verify_login_with_Credentials" time="19.402"/>
  <system-out/>
  <testcase classname="sevenrmartSupermarket.Testscripts.LoginTest" name="verifyLogout_whenLogOutButtonIsClickedFromHomePage" time="26.410"/>
  <system-out/>
</testsuite> <!-- sevenrmartSupermarket.Testscripts.LoginTest -->
