<?xml version="1.0" encoding="UTF-8"?>
<!-- Generated by org.testng.reporters.JUnitReportReporter -->
<testsuite hostname="LAPTOP-J99CU6B4" failures="0" tests="1" name="sevenrmartSupermarket.Testscripts.ManageDeliveryBoyTest" time="11.696" errors="0" timestamp="2023-04-28T18:15:11 GST" skipped="0">
  <testcase classname="sevenrmartSupermarket.Testscripts.ManageDeliveryBoyTest" name="verifyCancelButtonWorking" time="11.696"/>
  <system-out/>
</testsuite> <!-- sevenrmartSupermarket.Testscripts.ManageDeliveryBoyTest -->
