<?xml version="1.0" encoding="UTF-8"?>
<!-- Generated by org.testng.reporters.JUnitReportReporter -->
<testsuite hostname="LAPTOP-J99CU6B4" failures="0" tests="4" name="sevenrmartSupermarket.Testscripts.ManageSliderTest" time="63.565" errors="0" timestamp="2023-04-28T18:15:11 GST" skipped="0">
  <testcase classname="sevenrmartSupermarket.Testscripts.ManageSliderTest" name="verifyClickingCancelButtonToGetListSlidersListPage" time="13.682"/>
  <system-out/>
  <testcase classname="sevenrmartSupermarket.Testscripts.ManageSliderTest" name="veriftClickingHomeButtonFromListSliderPage" time="11.522"/>
  <system-out/>
  <testcase classname="sevenrmartSupermarket.Testscripts.ManageSliderTest" name="getNewButtonBackgroundColor" time="20.071"/>
  <system-out/>
  <testcase classname="sevenrmartSupermarket.Testscripts.ManageSliderTest" name="addLinkToManageSlider" time="18.290"/>
  <system-out/>
</testsuite> <!-- sevenrmartSupermarket.Testscripts.ManageSliderTest -->
