<?xml version="1.0" encoding="UTF-8"?>
<!-- Generated by org.testng.reporters.JUnitReportReporter -->
<testsuite skipped="0" hostname="LAPTOP-J99CU6B4" name="sevenrmartSupermarket.Testscripts.ManageSliderTest" tests="5" failures="0" timestamp="2023-05-05T18:08:03 GST" time="52.370" errors="0">
  <testcase name="verifyUserIsAbleToViewListSlidersPage_WhenCancelButtonIsClickedAfterEnteringLinkInLinkTextBox" time="9.158" classname="sevenrmartSupermarket.Testscripts.ManageSliderTest"/>
  <system-out/>
  <testcase name="veriftHomePageIsDisplayed_ByClickingHomeButtonFromListSliderPage" time="11.467" classname="sevenrmartSupermarket.Testscripts.ManageSliderTest"/>
  <system-out/>
  <testcase name="verifyBackgroundcolorIsAsExpected_ByGettingCssValueOfNewButton" time="10.858" classname="sevenrmartSupermarket.Testscripts.ManageSliderTest"/>
  <system-out/>
  <testcase name="verifyAlertIsDisplayed_WhenNewButtonIsClickedAnd_linkIsEnteredAndSaved" time="10.636" classname="sevenrmartSupermarket.Testscripts.ManageSliderTest"/>
  <system-out/>
  <testcase name="verifyAlertIsDisplayedByClickingNewButtonAndAddingLink_ClickChooseFileAndSaveToUploadImageInSlider" time="10.251" classname="sevenrmartSupermarket.Testscripts.ManageSliderTest"/>
  <system-out/>
</testsuite> <!-- sevenrmartSupermarket.Testscripts.ManageSliderTest -->
