<?xml version="1.0" encoding="UTF-8"?>
<!-- Generated by org.testng.reporters.JUnitReportReporter -->
<testsuite hostname="LAPTOP-J99CU6B4" failures="0" tests="3" name="sevenrmartSupermarket.Testscripts.ManageOfferCodeTest" time="33.007" errors="0" timestamp="2023-04-28T16:36:34 GST" skipped="0">
  <testcase classname="sevenrmartSupermarket.Testscripts.ManageOfferCodeTest" name="verifyResetButtonToStartNewSearch" time="8.657"/>
  <system-out/>
  <testcase classname="sevenrmartSupermarket.Testscripts.ManageOfferCodeTest" name="updateOfferCodeImage" time="11.302"/>
  <system-out/>
  <testcase classname="sevenrmartSupermarket.Testscripts.ManageOfferCodeTest" name="verify_seraching_With_Offercode_Shows_Corressponding_Details" time="13.048"/>
  <system-out/>
</testsuite> <!-- sevenrmartSupermarket.Testscripts.ManageOfferCodeTest -->
