<?xml version="1.0" encoding="UTF-8"?>
<!-- Generated by org.testng.reporters.JUnitReportReporter -->
<testsuite hostname="LAPTOP-J99CU6B4" failures="0" tests="2" name="sevenrmartSupermarket.Testscripts.HomeTest" time="6.968" errors="0" timestamp="2023-04-17T11:37:22 GST" skipped="0">
  <testcase classname="sevenrmartSupermarket.Testscripts.HomeTest" name="verifyManageLocationOpensToCorrespondingUrl" time="3.654"/>
  <system-out/>
  <testcase classname="sevenrmartSupermarket.Testscripts.HomeTest" name="checkSiteNameIsDisplayedOnTop" time="3.314"/>
  <system-out/>
</testsuite> <!-- sevenrmartSupermarket.Testscripts.HomeTest -->
