<?xml version="1.0" encoding="UTF-8"?>
<!-- Generated by org.testng.reporters.JUnitReportReporter -->
<testsuite hostname="LAPTOP-J99CU6B4" failures="0" tests="4" name="sevenrmartSupermarket.Testscripts.ManageLocationTest" time="37.442" errors="0" timestamp="2023-04-27T10:36:08 GST" skipped="0">
  <testcase classname="sevenrmartSupermarket.Testscripts.ManageLocationTest" name="addNewLocationToManageLocation" time="7.996"/>
  <system-out/>
  <testcase classname="sevenrmartSupermarket.Testscripts.ManageLocationTest" name="resetInManageLocation" time="10.849"/>
  <system-out/>
  <testcase classname="sevenrmartSupermarket.Testscripts.ManageLocationTest" name="cancelInManageLocation" time="9.899"/>
  <system-out/>
  <testcase classname="sevenrmartSupermarket.Testscripts.ManageLocationTest" name="searchFromListLocationTableToFindLocation" time="8.698"/>
  <system-out/>
</testsuite> <!-- sevenrmartSupermarket.Testscripts.ManageLocationTest -->
