<?xml version="1.0" encoding="UTF-8"?>
<!-- Generated by org.testng.reporters.JUnitReportReporter -->
<testsuite hostname="LAPTOP-J99CU6B4" failures="0" tests="3" name="sevenrmartSupermarket.Testscripts.LoginTest" time="12.717" errors="0" timestamp="2023-04-22T15:24:15 GST" skipped="0">
  <testcase classname="sevenrmartSupermarket.Testscripts.LoginTest" name="verifyLogout" time="3.863"/>
  <system-out/>
  <testcase classname="sevenrmartSupermarket.Testscripts.LoginTest" name="loginDetails" time="5.317"/>
  <system-out/>
  <testcase classname="sevenrmartSupermarket.Testscripts.LoginTest" name="verify_login_with_Credentials" time="3.537"/>
  <system-out/>
</testsuite> <!-- sevenrmartSupermarket.Testscripts.LoginTest -->
