<?xml version="1.0" encoding="UTF-8"?>
<!-- Generated by org.testng.reporters.JUnitReportReporter -->
<testsuite skipped="0" hostname="LAPTOP-J99CU6B4" name="sevenrmartSupermarket.Testscripts.ManagePagesTest" tests="4" failures="0" timestamp="2023-05-05T18:08:03 GST" time="46.277" errors="0">
  <testcase name="verifyAlertIsDisplayed_WhenUpdateButtonIsClickedAfterEnteringTheTitleToBeUpdated" time="10.386" classname="sevenrmartSupermarket.Testscripts.ManagePagesTest"/>
  <system-out/>
  <testcase name="verifyDuplicatePageAlertIsDisplayed_WhenExistingPageDetailsAreEnteredAfterClickingNewButton" time="14.297" classname="sevenrmartSupermarket.Testscripts.ManagePagesTest"/>
  <system-out/>
  <testcase name="verifyUserIsAbleToViewListPageByClickingSearchAndEnteringTitle_andClickResetButton" time="10.122" classname="sevenrmartSupermarket.Testscripts.ManagePagesTest"/>
  <system-out/>
  <testcase name="verifyCorrespondingPageTitleFromListPagesTableIsDisplayedByClickingSearchButtonAndEnteringTitleOfPage" time="11.472" classname="sevenrmartSupermarket.Testscripts.ManagePagesTest"/>
  <system-out/>
</testsuite> <!-- sevenrmartSupermarket.Testscripts.ManagePagesTest -->
