<?xml version="1.0" encoding="UTF-8"?>
<!-- Generated by org.testng.reporters.JUnitReportReporter -->
<testsuite skipped="0" hostname="LAPTOP-J99CU6B4" name="sevenrmartSupermarket.Testscripts.HomeTest" tests="2" failures="0" timestamp="2023-05-05T18:08:03 GST" time="21.177" errors="0">
  <testcase name="verifyCopyRightMessageDisplayedAsFooterInHomePageByGettingFooterMessage" time="10.226" classname="sevenrmartSupermarket.Testscripts.HomeTest"/>
  <system-out/>
  <testcase name="verifySiteNameDisplayedInHomePageIsSameAsExpectedByGettingSiteNameText" time="10.951" classname="sevenrmartSupermarket.Testscripts.HomeTest"/>
  <system-out/>
</testsuite> <!-- sevenrmartSupermarket.Testscripts.HomeTest -->
