<?xml version="1.0" encoding="UTF-8"?>
<!-- Generated by org.testng.reporters.JUnitReportReporter -->
<testsuite hostname="LAPTOP-J99CU6B4" failures="0" tests="2" name="sevenrmartSupermarket.Testscripts.ManageCategoryTest" time="18.742" errors="0" timestamp="2023-04-28T18:15:11 GST" skipped="0">
  <testcase classname="sevenrmartSupermarket.Testscripts.ManageCategoryTest" name="searchFromListCategoryTable" time="10.387"/>
  <system-out/>
  <testcase classname="sevenrmartSupermarket.Testscripts.ManageCategoryTest" name="verifyClickingResetButtonToGoToListCategoryPage" time="8.355"/>
  <system-out/>
</testsuite> <!-- sevenrmartSupermarket.Testscripts.ManageCategoryTest -->
