<?xml version="1.0" encoding="UTF-8"?>
<!-- Generated by org.testng.reporters.JUnitReportReporter -->
<testsuite hostname="LAPTOP-J99CU6B4" failures="0" tests="4" name="sevenrmartSupermarket.Testscripts.ManageLocationTest" time="61.586" errors="0" timestamp="2023-04-28T16:11:50 GST" skipped="0">
  <testcase classname="sevenrmartSupermarket.Testscripts.ManageLocationTest" name="addNewLocationToManageLocation" time="15.475"/>
  <system-out/>
  <testcase classname="sevenrmartSupermarket.Testscripts.ManageLocationTest" name="resetInManageLocation" time="9.615"/>
  <system-out/>
  <testcase classname="sevenrmartSupermarket.Testscripts.ManageLocationTest" name="cancelInManageLocation" time="19.376"/>
  <system-out/>
  <testcase classname="sevenrmartSupermarket.Testscripts.ManageLocationTest" name="searchFromListLocationTableToFindLocation" time="17.120"/>
  <system-out/>
</testsuite> <!-- sevenrmartSupermarket.Testscripts.ManageLocationTest -->
