<?xml version="1.0" encoding="UTF-8"?>
<!-- Generated by org.testng.reporters.JUnitReportReporter -->
<testsuite hostname="LAPTOP-J99CU6B4" failures="0" tests="3" name="sevenrmartSupermarket.Testscripts.ManageSliderTest" time="37.792" errors="0" timestamp="2023-04-22T15:24:15 GST" skipped="0">
  <testcase classname="sevenrmartSupermarket.Testscripts.ManageSliderTest" name="veriftClickingHomeButtonFromListSliderPage" time="9.787"/>
  <system-out/>
  <testcase classname="sevenrmartSupermarket.Testscripts.ManageSliderTest" name="addLinkToManageSlider" time="15.918"/>
  <system-out/>
  <testcase classname="sevenrmartSupermarket.Testscripts.ManageSliderTest" name="deleteInListSliderPage" time="12.087"/>
  <system-out/>
</testsuite> <!-- sevenrmartSupermarket.Testscripts.ManageSliderTest -->
