<?xml version="1.0" encoding="UTF-8"?>
<!-- Generated by org.testng.reporters.JUnitReportReporter -->
<testsuite hostname="LAPTOP-J99CU6B4" failures="0" tests="2" name="sevenrmartSupermarket.Testscripts.HomeTest" time="39.778" errors="0" timestamp="2023-04-28T16:11:50 GST" skipped="0">
  <testcase classname="sevenrmartSupermarket.Testscripts.HomeTest" name="checkSiteNameIsDisplayedInHomePage" time="22.606"/>
  <system-out/>
  <testcase classname="sevenrmartSupermarket.Testscripts.HomeTest" name="isCopyRightMessageDisplayedAsFooter" time="17.172"/>
  <system-out/>
</testsuite> <!-- sevenrmartSupermarket.Testscripts.HomeTest -->
