<?xml version="1.0" encoding="UTF-8"?>
<!-- Generated by org.testng.reporters.JUnitReportReporter -->
<testsuite hostname="LAPTOP-J99CU6B4" failures="0" tests="1" name="sevenrmartSupermarket.Testscripts.ManageOfferCodeTest" time="6.266" errors="0" timestamp="2023-04-22T16:52:23 GST" skipped="0">
  <testcase classname="sevenrmartSupermarket.Testscripts.ManageOfferCodeTest" name="verify_seraching_With_Offercode_Shows_Corressponding_Details" time="6.266"/>
  <system-out/>
</testsuite> <!-- sevenrmartSupermarket.Testscripts.ManageOfferCodeTest -->
