<?xml version="1.0" encoding="UTF-8"?>
<!-- Generated by org.testng.reporters.JUnitReportReporter -->
<testsuite hostname="LAPTOP-J99CU6B4" failures="0" tests="4" name="sevenrmartSupermarket.Testscripts.ManagePagesTest" time="39.618" errors="0" timestamp="2023-04-27T17:50:42 GST" skipped="0">
  <testcase classname="sevenrmartSupermarket.Testscripts.ManagePagesTest" name="updateListPageAfterSearchingFromListPageTable" time="16.606"/>
  <system-out/>
  <testcase classname="sevenrmartSupermarket.Testscripts.ManagePagesTest" name="searchPageUsingTitleFromListPageTable" time="7.896"/>
  <system-out/>
  <testcase classname="sevenrmartSupermarket.Testscripts.ManagePagesTest" name="verifyDuplicatePageCreation" time="10.002"/>
  <system-out/>
  <testcase classname="sevenrmartSupermarket.Testscripts.ManagePagesTest" name="clickResetButtonToGetListPagesTablePage" time="5.114"/>
  <system-out/>
</testsuite> <!-- sevenrmartSupermarket.Testscripts.ManagePagesTest -->
