<?xml version="1.0" encoding="UTF-8"?>
<!-- Generated by org.testng.reporters.JUnitReportReporter -->
<testsuite hostname="LAPTOP-J99CU6B4" failures="0" tests="2" name="sevenrmartSupermarket.Testscripts.PushNotificationTest" time="74.535" errors="0" timestamp="2023-04-28T18:15:11 GST" skipped="0">
  <testcase classname="sevenrmartSupermarket.Testscripts.PushNotificationTest" name="verifyClickingResetButtonToGetTitleBoxCleared" time="45.706"/>
  <system-out/>
  <testcase classname="sevenrmartSupermarket.Testscripts.PushNotificationTest" name="sentPushNotification" time="28.829"/>
  <system-out/>
</testsuite> <!-- sevenrmartSupermarket.Testscripts.PushNotificationTest -->
