<?xml version="1.0" encoding="UTF-8"?>
<!-- Generated by org.testng.reporters.JUnitReportReporter -->
<testsuite hostname="LAPTOP-J99CU6B4" failures="0" tests="5" name="sevenrmartSupermarket.Testscripts.ManageSliderTest" time="80.184" errors="0" timestamp="2023-04-28T16:11:50 GST" skipped="0">
  <testcase classname="sevenrmartSupermarket.Testscripts.ManageSliderTest" name="uploadSliderImageToAddSlider" time="13.018"/>
  <system-out/>
  <testcase classname="sevenrmartSupermarket.Testscripts.ManageSliderTest" name="getNewButtonBackgroundColor" time="9.549"/>
  <system-out/>
  <testcase classname="sevenrmartSupermarket.Testscripts.ManageSliderTest" name="addLinkToManageSlider" time="25.882"/>
  <system-out/>
  <testcase classname="sevenrmartSupermarket.Testscripts.ManageSliderTest" name="verifyClickingCancelButtonToGetListSlidersListPage" time="15.919"/>
  <system-out/>
  <testcase classname="sevenrmartSupermarket.Testscripts.ManageSliderTest" name="veriftClickingHomeButtonFromListSliderPage" time="15.816"/>
  <system-out/>
</testsuite> <!-- sevenrmartSupermarket.Testscripts.ManageSliderTest -->
