<?xml version="1.0" encoding="UTF-8"?>
<!-- Generated by org.testng.reporters.JUnitReportReporter -->
<testsuite hostname="LAPTOP-J99CU6B4" failures="0" tests="4" name="sevenrmartSupermarket.Testscripts.ManageLocationTest" time="92.162" errors="0" timestamp="2023-04-28T18:15:11 GST" skipped="0">
  <testcase classname="sevenrmartSupermarket.Testscripts.ManageLocationTest" name="addNewLocationToManageLocation" time="33.034"/>
  <system-out/>
  <testcase classname="sevenrmartSupermarket.Testscripts.ManageLocationTest" name="resetInManageLocation" time="13.719"/>
  <system-out/>
  <testcase classname="sevenrmartSupermarket.Testscripts.ManageLocationTest" name="cancelInManageLocation" time="18.121"/>
  <system-out/>
  <testcase classname="sevenrmartSupermarket.Testscripts.ManageLocationTest" name="searchFromListLocationTableToFindLocation" time="27.288"/>
  <system-out/>
</testsuite> <!-- sevenrmartSupermarket.Testscripts.ManageLocationTest -->
