<?xml version="1.0" encoding="UTF-8"?>
<!-- Generated by org.testng.reporters.JUnitReportReporter -->
<testsuite skipped="0" hostname="LAPTOP-J99CU6B4" name="sevenrmartSupermarket.Testscripts.ManageLocationTest" tests="4" failures="0" timestamp="2023-05-05T18:08:03 GST" time="52.389" errors="0">
  <testcase name="verifyAleryIsDisplayedWhenNewButtonIsClickedToAddLocationInManageLocationListTableWithRequiredDetails" time="13.561" classname="sevenrmartSupermarket.Testscripts.ManageLocationTest"/>
  <system-out/>
  <testcase name="verifyListLocationPagesIsDisplayedWhenResetButtonIsClickedAfterEnteringSearchDetails" time="12.842" classname="sevenrmartSupermarket.Testscripts.ManageLocationTest"/>
  <system-out/>
  <testcase name="verifyListLocationPageIsDisplayedWhenCancelButtonIsClickedAfterEnteringSearchDetails" time="14.306" classname="sevenrmartSupermarket.Testscripts.ManageLocationTest"/>
  <system-out/>
  <testcase name="verifySearchedLocationIsFoundInListLocationTableWhenLocationIsSearchedWithRequiredDetails" time="11.680" classname="sevenrmartSupermarket.Testscripts.ManageLocationTest"/>
  <system-out/>
</testsuite> <!-- sevenrmartSupermarket.Testscripts.ManageLocationTest -->
