<?xml version="1.0" encoding="UTF-8"?>
<!-- Generated by org.testng.reporters.JUnitReportReporter -->
<testsuite hostname="LAPTOP-J99CU6B4" failures="0" tests="3" name="sevenrmartSupermarket.Testscripts.ManageOfferCodeTest" time="26.802" errors="0" timestamp="2023-04-27T09:25:46 GST" skipped="0">
  <testcase classname="sevenrmartSupermarket.Testscripts.ManageOfferCodeTest" name="updateOfferCodeImage" time="8.016"/>
  <system-out/>
  <testcase classname="sevenrmartSupermarket.Testscripts.ManageOfferCodeTest" name="verifyResetButtonToStartNewSearch" time="7.541"/>
  <system-out/>
  <testcase classname="sevenrmartSupermarket.Testscripts.ManageOfferCodeTest" name="verify_seraching_With_Offercode_Shows_Corressponding_Details" time="11.245"/>
  <system-out/>
</testsuite> <!-- sevenrmartSupermarket.Testscripts.ManageOfferCodeTest -->
