<?xml version="1.0" encoding="UTF-8"?>
<!-- Generated by org.testng.reporters.JUnitReportReporter -->
<testsuite hostname="LAPTOP-J99CU6B4" failures="0" tests="3" name="sevenrmartSupermarket.Testscripts.ManageUsersTest" time="18.616" errors="0" timestamp="2023-04-27T10:10:24 GST" skipped="0">
  <testcase classname="sevenrmartSupermarket.Testscripts.ManageUsersTest" name="deleteAnUserFromTable" time="6.157"/>
  <system-out/>
  <testcase classname="sevenrmartSupermarket.Testscripts.ManageUsersTest" name="viewPasswordOfSearchedUser" time="6.175"/>
  <system-out/>
  <testcase classname="sevenrmartSupermarket.Testscripts.ManageUsersTest" name="searchUserFromListUsersTable" time="6.284"/>
  <system-out/>
</testsuite> <!-- sevenrmartSupermarket.Testscripts.ManageUsersTest -->
