<?xml version="1.0" encoding="UTF-8"?>
<!-- Generated by org.testng.reporters.JUnitReportReporter -->
<testsuite hostname="LAPTOP-J99CU6B4" failures="0" tests="2" name="sevenrmartSupermarket.Testscripts.ManageUsersTest" time="13.073" errors="0" timestamp="2023-04-28T18:15:11 GST" skipped="0">
  <testcase classname="sevenrmartSupermarket.Testscripts.ManageUsersTest" name="searchUserFromListUsersTable" time="8.088"/>
  <system-out/>
  <testcase classname="sevenrmartSupermarket.Testscripts.ManageUsersTest" name="viewPasswordOfSearchedUser" time="4.985"/>
  <system-out/>
</testsuite> <!-- sevenrmartSupermarket.Testscripts.ManageUsersTest -->
