<?xml version="1.0" encoding="UTF-8"?>
<!-- Generated by org.testng.reporters.JUnitReportReporter -->
<testsuite hostname="LAPTOP-J99CU6B4" failures="0" tests="2" name="sevenrmartSupermarket.Testscripts.HomeTest" time="48.557" errors="0" timestamp="2023-04-28T18:15:11 GST" skipped="0">
  <testcase classname="sevenrmartSupermarket.Testscripts.HomeTest" name="isCopyRightMessageDisplayedAsFooter" time="15.312"/>
  <system-out/>
  <testcase classname="sevenrmartSupermarket.Testscripts.HomeTest" name="checkSiteNameIsDisplayedInHomePage" time="33.245"/>
  <system-out/>
</testsuite> <!-- sevenrmartSupermarket.Testscripts.HomeTest -->
