<?xml version="1.0" encoding="UTF-8"?>
<!-- Generated by org.testng.reporters.JUnitReportReporter -->
<testsuite hostname="LAPTOP-J99CU6B4" failures="0" tests="2" name="sevenrmartSupermarket.Testscripts.ManageUsersTest" time="30.166" errors="0" timestamp="2023-04-28T16:11:50 GST" skipped="0">
  <testcase classname="sevenrmartSupermarket.Testscripts.ManageUsersTest" name="viewPasswordOfSearchedUser" time="13.487"/>
  <system-out/>
  <testcase classname="sevenrmartSupermarket.Testscripts.ManageUsersTest" name="deleteAnUserFromTable" time="16.679"/>
  <system-out/>
</testsuite> <!-- sevenrmartSupermarket.Testscripts.ManageUsersTest -->
