<?xml version="1.0" encoding="UTF-8"?>
<!-- Generated by org.testng.reporters.JUnitReportReporter -->
<testsuite hostname="LAPTOP-J99CU6B4" failures="0" tests="1" name="sevenrmartSupermarket.Testscripts.ManageSliderTest" time="7.128" errors="0" timestamp="2023-04-27T10:51:49 GST" skipped="0">
  <testcase classname="sevenrmartSupermarket.Testscripts.ManageSliderTest" name="verifyClickingCancelButtonToGetListSlidersListPage" time="7.128"/>
  <system-out/>
</testsuite> <!-- sevenrmartSupermarket.Testscripts.ManageSliderTest -->
