<?xml version="1.0" encoding="UTF-8"?>
<!-- Generated by org.testng.reporters.JUnitReportReporter -->
<testsuite hostname="LAPTOP-J99CU6B4" failures="0" tests="3" name="sevenrmartSupermarket.Testscripts.ManagePaymentTest" time="44.085" errors="0" timestamp="2023-04-28T16:11:50 GST" skipped="0">
  <testcase classname="sevenrmartSupermarket.Testscripts.ManagePaymentTest" name="verifyStatusChangeWhenStatusButtonIsClicked" time="13.302"/>
  <system-out/>
  <testcase classname="sevenrmartSupermarket.Testscripts.ManagePaymentTest" name="verifyWorkingOfResetButton_clickReset_RedirectToBackPage" time="16.002"/>
  <system-out/>
  <testcase classname="sevenrmartSupermarket.Testscripts.ManagePaymentTest" name="checkUpdationInManagePaymentMethod" time="14.781"/>
  <system-out/>
</testsuite> <!-- sevenrmartSupermarket.Testscripts.ManagePaymentTest -->
