<?xml version="1.0" encoding="UTF-8"?>
<!-- Generated by org.testng.reporters.JUnitReportReporter -->
<testsuite hostname="LAPTOP-J99CU6B4" failures="0" tests="2" name="sevenrmartSupermarket.Testscripts.PushNotificationTest" time="18.853" errors="0" timestamp="2023-04-28T16:11:50 GST" skipped="0">
  <testcase classname="sevenrmartSupermarket.Testscripts.PushNotificationTest" name="sentPushNotification" time="9.405"/>
  <system-out/>
  <testcase classname="sevenrmartSupermarket.Testscripts.PushNotificationTest" name="verifyClickingResetButtonToGetTitleBoxCleared" time="9.448"/>
  <system-out/>
</testsuite> <!-- sevenrmartSupermarket.Testscripts.PushNotificationTest -->
