<?xml version="1.0" encoding="UTF-8"?>
<!-- Generated by org.testng.reporters.JUnitReportReporter -->
<testsuite skipped="0" hostname="LAPTOP-J99CU6B4" name="sevenrmartSupermarket.Testscripts.ManageUsersTest" tests="3" failures="0" timestamp="2023-05-05T18:08:03 GST" time="30.423" errors="0">
  <testcase name="verifyAlertIsDisplayed_WhenDeleteButtonIsClickedAfterSearchingAnUserFromListUsersTable" time="11.227" classname="sevenrmartSupermarket.Testscripts.ManageUsersTest"/>
  <system-out/>
  <testcase name="verifyPasswordOfSearchedUserIsDisplayed_ByClickingPasswordViewButtonOfTheUserFromListUsersTable" time="9.969" classname="sevenrmartSupermarket.Testscripts.ManageUsersTest"/>
  <system-out/>
  <testcase name="verifyUserIsAbleToGetTheSearchedUserInfoFromListUsersTable_ByClickingSearchButtonAndEnteringTheName" time="9.227" classname="sevenrmartSupermarket.Testscripts.ManageUsersTest"/>
  <system-out/>
</testsuite> <!-- sevenrmartSupermarket.Testscripts.ManageUsersTest -->
