<?xml version="1.0" encoding="UTF-8"?>
<!-- Generated by org.testng.reporters.JUnitReportReporter -->
<testsuite hostname="LAPTOP-J99CU6B4" failures="0" tests="2" name="sevenrmartSupermarket.Testscripts.LoginTest" time="13.944" errors="0" timestamp="2023-04-22T16:17:25 GST" skipped="0">
  <testcase classname="sevenrmartSupermarket.Testscripts.LoginTest" name="verify_login_with_Credentials" time="4.882"/>
  <system-out/>
  <testcase classname="sevenrmartSupermarket.Testscripts.LoginTest" name="verifyLogout" time="9.062"/>
  <system-out/>
</testsuite> <!-- sevenrmartSupermarket.Testscripts.LoginTest -->
