<?xml version="1.0" encoding="UTF-8"?>
<!-- Generated by org.testng.reporters.JUnitReportReporter -->
<testsuite hostname="LAPTOP-J99CU6B4" failures="0" tests="2" name="sevenrmartSupermarket.Testscripts.ManagePaymentTest" time="20.607" errors="0" timestamp="2023-04-25T22:15:30 GST" skipped="0">
  <testcase classname="sevenrmartSupermarket.Testscripts.ManagePaymentTest" name="checkUpdationInManagePaymentMethod" time="8.758"/>
  <system-out/>
  <testcase classname="sevenrmartSupermarket.Testscripts.ManagePaymentTest" name="verifyWorkingOfResetButton_clickReset_RedirectToBackPage" time="11.849"/>
  <system-out/>
</testsuite> <!-- sevenrmartSupermarket.Testscripts.ManagePaymentTest -->
