<?xml version="1.0" encoding="UTF-8"?>
<!-- Generated by org.testng.reporters.JUnitReportReporter -->
<testsuite skipped="0" hostname="LAPTOP-J99CU6B4" name="sevenrmartSupermarket.Testscripts.ManageUsersTest" tests="2" failures="0" timestamp="2023-04-28T18:25:42 GST" time="17.065" errors="0">
  <testcase name="searchUserFromListUsersTable" time="9.705" classname="sevenrmartSupermarket.Testscripts.ManageUsersTest"/>
  <system-out/>
  <testcase name="viewPasswordOfSearchedUser" time="7.360" classname="sevenrmartSupermarket.Testscripts.ManageUsersTest"/>
  <system-out/>
</testsuite> <!-- sevenrmartSupermarket.Testscripts.ManageUsersTest -->
