<?xml version="1.0" encoding="UTF-8"?>
<!-- Generated by org.testng.reporters.JUnitReportReporter -->
<testsuite skipped="0" hostname="LAPTOP-J99CU6B4" name="sevenrmartSupermarket.Testscripts.ManagePaymentTest" tests="2" failures="0" timestamp="2023-04-28T18:25:42 GST" time="80.195" errors="0">
  <testcase name="verifyWorkingOfResetButton_clickReset_RedirectToBackPage" time="47.832" classname="sevenrmartSupermarket.Testscripts.ManagePaymentTest"/>
  <system-out/>
  <testcase name="checkUpdationInManagePaymentMethod" time="32.363" classname="sevenrmartSupermarket.Testscripts.ManagePaymentTest"/>
  <system-out/>
</testsuite> <!-- sevenrmartSupermarket.Testscripts.ManagePaymentTest -->
