<?xml version="1.0" encoding="UTF-8"?>
<!-- Generated by org.testng.reporters.JUnitReportReporter -->
<testsuite skipped="0" hostname="LAPTOP-J99CU6B4" name="sevenrmartSupermarket.Testscripts.HomeTest" tests="2" failures="0" timestamp="2023-04-28T18:25:42 GST" time="40.293" errors="0">
  <testcase name="isCopyRightMessageDisplayedAsFooter" time="16.264" classname="sevenrmartSupermarket.Testscripts.HomeTest"/>
  <system-out/>
  <testcase name="checkSiteNameIsDisplayedInHomePage" time="24.029" classname="sevenrmartSupermarket.Testscripts.HomeTest"/>
  <system-out/>
</testsuite> <!-- sevenrmartSupermarket.Testscripts.HomeTest -->
