<?xml version="1.0" encoding="UTF-8"?>
<!-- Generated by org.testng.reporters.JUnitReportReporter -->
<testsuite skipped="0" hostname="LAPTOP-J99CU6B4" name="sevenrmartSupermarket.Testscripts.ManageOfferCodeTest" tests="3" failures="0" timestamp="2023-04-28T18:25:42 GST" time="47.362" errors="0">
  <testcase name="addNewOfferCode" time="11.420" classname="sevenrmartSupermarket.Testscripts.ManageOfferCodeTest"/>
  <system-out/>
  <testcase name="verify_seraching_With_Offercode_Shows_Corressponding_Details" time="17.818" classname="sevenrmartSupermarket.Testscripts.ManageOfferCodeTest"/>
  <system-out/>
  <testcase name="verifyResetButtonToStartNewSearch" time="18.124" classname="sevenrmartSupermarket.Testscripts.ManageOfferCodeTest"/>
  <system-out/>
</testsuite> <!-- sevenrmartSupermarket.Testscripts.ManageOfferCodeTest -->
