<?xml version="1.0" encoding="UTF-8"?>
<!-- Generated by org.testng.reporters.JUnitReportReporter -->
<testsuite skipped="0" hostname="LAPTOP-J99CU6B4" name="sevenrmartSupermarket.Testscripts.ManagePagesTest" tests="1" failures="0" timestamp="2023-05-01T10:52:23 GST" time="9.284" errors="0">
  <testcase name="clickResetButtonToGetListPagesTablePage" time="9.284" classname="sevenrmartSupermarket.Testscripts.ManagePagesTest"/>
  <system-out/>
</testsuite> <!-- sevenrmartSupermarket.Testscripts.ManagePagesTest -->
