<?xml version="1.0" encoding="UTF-8"?>
<!-- Generated by org.testng.reporters.JUnitReportReporter -->
<testsuite skipped="0" hostname="LAPTOP-J99CU6B4" name="sevenrmartSupermarket.Testscripts.ManageUsersTest" tests="2" failures="0" timestamp="2023-05-05T12:07:02 GST" time="20.911" errors="0">
  <testcase name="verifyUserIsAbleToGetTheSearchedUserInfoFromListUsersTable_ByClickingSearchButtonAndEnteringTheName" time="11.533" classname="sevenrmartSupermarket.Testscripts.ManageUsersTest"/>
  <system-out/>
  <testcase name="verifyPasswordOfSearchedUserIsDisplayed_ByClickingPasswordViewButtonOfTheUserFromListUsersTable" time="9.378" classname="sevenrmartSupermarket.Testscripts.ManageUsersTest"/>
  <system-out/>
</testsuite> <!-- sevenrmartSupermarket.Testscripts.ManageUsersTest -->
