<?xml version="1.0" encoding="UTF-8"?>
<!-- Generated by org.testng.reporters.JUnitReportReporter -->
<testsuite skipped="0" hostname="LAPTOP-J99CU6B4" name="sevenrmartSupermarket.Testscripts.ManageSliderTest" tests="4" failures="0" timestamp="2023-04-28T18:25:42 GST" time="118.669" errors="0">
  <testcase name="verifyClickingCancelButtonToGetListSlidersListPage" time="78.321" classname="sevenrmartSupermarket.Testscripts.ManageSliderTest"/>
  <system-out/>
  <testcase name="veriftClickingHomeButtonFromListSliderPage" time="11.057" classname="sevenrmartSupermarket.Testscripts.ManageSliderTest"/>
  <system-out/>
  <testcase name="addLinkToManageSlider" time="17.668" classname="sevenrmartSupermarket.Testscripts.ManageSliderTest"/>
  <system-out/>
  <testcase name="getNewButtonBackgroundColor" time="11.623" classname="sevenrmartSupermarket.Testscripts.ManageSliderTest"/>
  <system-out/>
</testsuite> <!-- sevenrmartSupermarket.Testscripts.ManageSliderTest -->
