<?xml version="1.0" encoding="UTF-8"?>
<!-- Generated by org.testng.reporters.JUnitReportReporter -->
<testsuite skipped="0" hostname="LAPTOP-J99CU6B4" name="sevenrmartSupermarket.Testscripts.ManagePagesTest" tests="4" failures="0" timestamp="2023-04-28T18:25:42 GST" time="54.361" errors="0">
  <testcase name="searchPageUsingTitleFromListPageTable" time="11.368" classname="sevenrmartSupermarket.Testscripts.ManagePagesTest"/>
  <system-out/>
  <testcase name="clickResetButtonToGetListPagesTablePage" time="15.693" classname="sevenrmartSupermarket.Testscripts.ManagePagesTest"/>
  <system-out/>
  <testcase name="verifyDuplicatePageCreation" time="13.163" classname="sevenrmartSupermarket.Testscripts.ManagePagesTest"/>
  <system-out/>
  <testcase name="updateListPageAfterSearchingFromListPageTable" time="14.137" classname="sevenrmartSupermarket.Testscripts.ManagePagesTest"/>
  <system-out/>
</testsuite> <!-- sevenrmartSupermarket.Testscripts.ManagePagesTest -->
