<?xml version="1.0" encoding="UTF-8"?>
<!-- Generated by org.testng.reporters.JUnitReportReporter -->
<testsuite skipped="0" hostname="LAPTOP-J99CU6B4" name="sevenrmartSupermarket.Testscripts.ManageCategoryTest" tests="2" failures="0" timestamp="2023-04-28T18:25:42 GST" time="34.611" errors="0">
  <testcase name="verifyClickingResetButtonToGoToListCategoryPage" time="17.625" classname="sevenrmartSupermarket.Testscripts.ManageCategoryTest"/>
  <system-out/>
  <testcase name="searchFromListCategoryTable" time="16.986" classname="sevenrmartSupermarket.Testscripts.ManageCategoryTest"/>
  <system-out/>
</testsuite> <!-- sevenrmartSupermarket.Testscripts.ManageCategoryTest -->
