<?xml version="1.0" encoding="UTF-8"?>
<!-- Generated by org.testng.reporters.JUnitReportReporter -->
<testsuite skipped="0" hostname="LAPTOP-J99CU6B4" name="sevenrmartSupermarket.Testscripts.LoginTest" tests="2" failures="0" timestamp="2023-04-28T18:25:42 GST" time="28.478" errors="0">
  <testcase name="verifyLogout_whenLogOutButtonIsClickedFromHomePage" time="12.959" classname="sevenrmartSupermarket.Testscripts.LoginTest"/>
  <system-out/>
  <testcase name="verify_login_with_Credentials" time="15.519" classname="sevenrmartSupermarket.Testscripts.LoginTest"/>
  <system-out/>
</testsuite> <!-- sevenrmartSupermarket.Testscripts.LoginTest -->
