<?xml version="1.0" encoding="UTF-8"?>
<!-- Generated by org.testng.reporters.JUnitReportReporter -->
<testsuite skipped="0" hostname="LAPTOP-J99CU6B4" name="sevenrmartSupermarket.Testscripts.ManageDeliveryBoyTest" tests="1" failures="0" timestamp="2023-04-28T18:25:42 GST" time="17.098" errors="0">
  <testcase name="verifyCancelButtonWorking" time="17.098" classname="sevenrmartSupermarket.Testscripts.ManageDeliveryBoyTest"/>
  <system-out/>
</testsuite> <!-- sevenrmartSupermarket.Testscripts.ManageDeliveryBoyTest -->
