<?xml version="1.0" encoding="UTF-8"?>
<!-- Generated by org.testng.reporters.JUnitReportReporter -->
<testsuite skipped="1" hostname="LAPTOP-J99CU6B4" name="sevenrmartSupermarket.Testscripts.ManageLocationTest" tests="5" failures="0" timestamp="2023-04-28T18:25:42 GST" time="91.343" errors="0">
  <testcase name="addNewLocationToManageLocation" time="20.194" classname="sevenrmartSupermarket.Testscripts.ManageLocationTest"/>
  <system-out/>
  <testcase name="resetInManageLocation" time="13.143" classname="sevenrmartSupermarket.Testscripts.ManageLocationTest"/>
  <system-out/>
  <testcase name="cancelInManageLocation" time="31.409" classname="sevenrmartSupermarket.Testscripts.ManageLocationTest">
    <skipped/>
  </testcase> <!-- cancelInManageLocation -->
  <system-out/>
  <testcase name="cancelInManageLocation" time="13.019" classname="sevenrmartSupermarket.Testscripts.ManageLocationTest"/>
  <system-out/>
  <testcase name="searchFromListLocationTableToFindLocation" time="13.578" classname="sevenrmartSupermarket.Testscripts.ManageLocationTest"/>
  <system-out/>
</testsuite> <!-- sevenrmartSupermarket.Testscripts.ManageLocationTest -->
