<?xml version="1.0" encoding="UTF-8"?>
<!-- Generated by org.testng.reporters.JUnitReportReporter -->
<testsuite skipped="0" hostname="LAPTOP-J99CU6B4" name="sevenrmartSupermarket.Testscripts.PushNotificationTest" tests="2" failures="0" timestamp="2023-04-28T18:25:42 GST" time="24.933" errors="0">
  <testcase name="verifyClickingResetButtonToGetTitleBoxCleared" time="13.210" classname="sevenrmartSupermarket.Testscripts.PushNotificationTest"/>
  <system-out/>
  <testcase name="sentPushNotification" time="11.723" classname="sevenrmartSupermarket.Testscripts.PushNotificationTest"/>
  <system-out/>
</testsuite> <!-- sevenrmartSupermarket.Testscripts.PushNotificationTest -->
