<?xml version="1.0" encoding="UTF-8"?>
<!-- Generated by org.testng.reporters.JUnitReportReporter -->
<testsuite hostname="LAPTOP-J99CU6B4" failures="0" tests="1" name="com.obsqura.TestNGNew.LatestPractice" time="9.517" errors="0" timestamp="2023-02-27T18:48:07 GST" skipped="0">
  <testcase classname="com.obsqura.TestNGNew.LatestPractice" name="compareUrl" time="9.517"/>
  <system-out/>
</testsuite> <!-- com.obsqura.TestNGNew.LatestPractice -->
