<?xml version="1.0" encoding="UTF-8"?>
<!-- Generated by org.testng.reporters.JUnitReportReporter -->
<testsuite hostname="LAPTOP-J99CU6B4" failures="0" tests="1" name="com.obsqura.TestNGNew.WebElementCommandsQstn" time="18.240" errors="0" timestamp="2023-02-27T21:23:26 GST" skipped="0">
  <testcase classname="com.obsqura.TestNGNew.WebElementCommandsQstn" name="enterDetails" time="18.240"/>
  <system-out/>
</testsuite> <!-- com.obsqura.TestNGNew.WebElementCommandsQstn -->
