<?xml version="1.0" encoding="UTF-8"?>
<!-- Generated by org.testng.reporters.JUnitReportReporter -->
<testsuite hostname="LAPTOP-J99CU6B4" failures="0" tests="2" name="com.obsqura.TestNGNew.BrowserCommands" time="12.490" errors="0" timestamp="2023-02-17T13:24:15 GST" skipped="0">
  <testcase classname="com.obsqura.TestNGNew.BrowserCommands" name="verifyTitle" time="7.249"/>
  <system-out/>
  <testcase classname="com.obsqura.TestNGNew.BrowserCommands" name="verifyUrl" time="5.241"/>
  <system-out/>
</testsuite> <!-- com.obsqura.TestNGNew.BrowserCommands -->
