<?xml version="1.0" encoding="UTF-8"?>
<!-- Generated by org.testng.reporters.JUnitReportReporter -->
<testsuite hostname="LAPTOP-J99CU6B4" failures="0" tests="1" name="com.obsqura.TestNGNew.Base" time="15.340" errors="0" timestamp="2023-02-14T18:51:39 GST" skipped="0">
  <testcase classname="com.obsqura.TestNGNew.Base" name="gettheUrl" time="15.340"/>
  <system-out/>
</testsuite> <!-- com.obsqura.TestNGNew.Base -->
