<?xml version="1.0" encoding="UTF-8"?>
<!-- Generated by org.testng.reporters.JUnitReportReporter -->
<testsuite hostname="LAPTOP-J99CU6B4" failures="0" tests="1" name="com.obsqura.TestNGNew.Locators" time="10.821" errors="0" timestamp="2023-02-22T23:39:37 GST" skipped="0">
  <testcase classname="com.obsqura.TestNGNew.Locators" name="xpathLocator" time="10.821"/>
  <system-out/>
</testsuite> <!-- com.obsqura.TestNGNew.Locators -->
