<?xml version="1.0" encoding="UTF-8"?>
<!-- Generated by org.testng.reporters.JUnitReportReporter -->
<testsuite hostname="LAPTOP-J99CU6B4" failures="0" tests="1" name="com.obsqura.TestNGNew.CheckCount" time="20.644" errors="0" timestamp="2023-02-20T18:51:16 GST" skipped="0">
  <testcase classname="com.obsqura.TestNGNew.CheckCount" name="findAmazon" time="20.644"/>
  <system-out/>
</testsuite> <!-- com.obsqura.TestNGNew.CheckCount -->
