<?xml version="1.0" encoding="UTF-8"?>
<!-- Generated by org.testng.reporters.JUnitReportReporter -->
<testsuite hostname="LAPTOP-J99CU6B4" failures="0" tests="3" name="com.obsqura.TestNGNew.NavigationCommands" time="41.260" errors="0" timestamp="2023-02-15T12:53:22 GST" skipped="0">
  <testcase classname="com.obsqura.TestNGNew.NavigationCommands" name="verifyNavigateforward" time="13.699"/>
  <system-out/>
  <testcase classname="com.obsqura.TestNGNew.NavigationCommands" name="verifyNavigateback" time="13.306"/>
  <system-out/>
  <testcase classname="com.obsqura.TestNGNew.NavigationCommands" name="verifyNavigateto" time="14.255"/>
  <system-out/>
</testsuite> <!-- com.obsqura.TestNGNew.NavigationCommands -->
