<?xml version="1.0" encoding="UTF-8"?>
<!-- Generated by org.testng.reporters.JUnitReportReporter -->
<testsuite hostname="LAPTOP-J99CU6B4" failures="0" tests="1" name="com.obsqura.TestNGNew.CheckBoxDemo" time="5.121" errors="0" timestamp="2023-03-02T20:05:33 GST" skipped="0">
  <testcase classname="com.obsqura.TestNGNew.CheckBoxDemo" name="checkBox" time="5.121"/>
  <system-out/>
</testsuite> <!-- com.obsqura.TestNGNew.CheckBoxDemo -->
