<?xml version="1.0" encoding="UTF-8"?>
<!-- Generated by org.testng.reporters.JUnitReportReporter -->
<testsuite hostname="LAPTOP-J99CU6B4" failures="0" tests="9" name="com.obsqura.TestNGNew.ExampleLocators" time="125.873" errors="0" timestamp="2023-02-23T11:19:57 GST" skipped="0">
  <testcase classname="com.obsqura.TestNGNew.ExampleLocators" name="locateByClass" time="17.054"/>
  <system-out/>
  <testcase classname="com.obsqura.TestNGNew.ExampleLocators" name="locateBycss" time="14.840"/>
  <system-out/>
  <testcase classname="com.obsqura.TestNGNew.ExampleLocators" name="locateByPartialLT" time="17.742"/>
  <system-out/>
  <testcase classname="com.obsqura.TestNGNew.ExampleLocators" name="LocateById" time="10.605"/>
  <system-out/>
  <testcase classname="com.obsqura.TestNGNew.ExampleLocators" name="locateByLinktext" time="18.400"/>
  <system-out/>
  <testcase classname="com.obsqura.TestNGNew.ExampleLocators" name="locateByName" time="10.440"/>
  <system-out/>
  <testcase classname="com.obsqura.TestNGNew.ExampleLocators" name="locateByXpath" time="14.488"/>
  <system-out/>
  <testcase classname="com.obsqura.TestNGNew.ExampleLocators" name="flipkartLocateByClass" time="9.320"/>
  <system-out/>
  <testcase classname="com.obsqura.TestNGNew.ExampleLocators" name="locateById" time="12.984"/>
  <system-out/>
</testsuite> <!-- com.obsqura.TestNGNew.ExampleLocators -->
