<?xml version="1.0" encoding="UTF-8"?>
<!-- Generated by org.testng.reporters.JUnitReportReporter -->
<testsuite hostname="LAPTOP-J99CU6B4" failures="0" tests="4" name="com.obsqura.TestNGNew.ForGit" time="40.452" errors="0" timestamp="2023-03-03T13:15:07 GST" skipped="0">
  <testcase classname="com.obsqura.TestNGNew.ForGit" name="webElementCommands3" time="10.075"/>
  <system-out/>
  <testcase classname="com.obsqura.TestNGNew.ForGit" name="webElementCommands1" time="14.801"/>
  <system-out/>
  <testcase classname="com.obsqura.TestNGNew.ForGit" name="webElementCommands2" time="6.477"/>
  <system-out/>
  <testcase classname="com.obsqura.TestNGNew.ForGit" name="webElementCommands4" time="9.099"/>
  <system-out/>
</testsuite> <!-- com.obsqura.TestNGNew.ForGit -->
