<?xml version="1.0" encoding="UTF-8"?>
<!-- Generated by org.testng.reporters.JUnitReportReporter -->
<testsuite hostname="LAPTOP-J99CU6B4" failures="0" tests="2" name="com.obsqura.TestNGNew.TestNGAnnotations" time="17.358" errors="0" timestamp="2023-02-15T12:49:10 GST" skipped="0">
  <testcase classname="com.obsqura.TestNGNew.TestNGAnnotations" name="testCaseTwo" time="8.621"/>
  <system-out/>
  <testcase classname="com.obsqura.TestNGNew.TestNGAnnotations" name="testCaseOne" time="8.737"/>
  <system-out/>
</testsuite> <!-- com.obsqura.TestNGNew.TestNGAnnotations -->
